<?xml version="1.0" encoding="UTF-8"?>
<!-- Generated by org.testng.reporters.JUnitXMLReporter -->
<testsuite ignored="0" hostname="Prince_Pankaj" failures="0" tests="6" name="Default test" time="15.89" errors="0" timestamp="2025-04-19T13:40:48 IST">
  <testcase classname="api.test.DDTests" name="testPostUser" time="4.307"/>
  <testcase classname="api.test.DDTests" name="testPostUser" time="1.4"/>
  <testcase classname="api.test.DDTests" name="testPostUser" time="1.418"/>
  <testcase classname="api.test.DDTests" name="testDeleteUserByName" time="1.593"/>
  <testcase classname="api.test.DDTests" name="testDeleteUserByName" time="1.33"/>
  <testcase classname="api.test.DDTests" name="testDeleteUserByName" time="1.967"/>
</testsuite> <!-- Default test -->
