<?xml version="1.0" encoding="UTF-8"?>
<!-- Generated by org.testng.reporters.JUnitXMLReporter -->
<testsuite ignored="0" hostname="Prince_Pankaj" failures="1" tests="4" name="Test" time="11.05" errors="0" timestamp="2025-04-19T14:46:48 IST">
  <testcase classname="api.test.userTest" name="testPostRequest" time="3.965"/>
  <testcase classname="api.test.userTest" name="getUserByName" time="1.385"/>
  <testcase classname="api.test.userTest" name="testUpdateUserByName" time="2.662">
    <failure type="java.lang.AssertionError" message="expected [200] but found [404]">
      <![CDATA[java.lang.AssertionError: expected [200] but found [404]
at api.test.userTest.testUpdateUserByName(userTest.java:73)
at java.base/java.util.ArrayList.forEach(ArrayList.java:1596)
... Removed 32 stack frames]]>
    </failure>
  </testcase> <!-- testUpdateUserByName -->
  <testcase classname="api.test.userTest" name="testDeleteUserByName" time="1.656"/>
</testsuite> <!-- Test -->
